<?xml version="1.0" encoding="UTF-8"?>
<!-- Generated by org.testng.reporters.JUnitXMLReporter -->
<testsuite ignored="0" hostname="DESKTOP-K5QR6PC" failures="0" tests="6" name="Surefire test" time="1.586" errors="0" timestamp="2022-01-05T10:23:26 IST">
  <testcase classname="TestCases.Base" name="@BeforeClass setup" time="-1.641358405176E9">
    <failure type="org.testng.TestNGException" message="
Parameter &amp;apos;browser&amp;apos; is required by BeforeClass on method setup but has not been marked @Optional or defined
">
      <![CDATA[org.testng.TestNGException: 
Parameter 'browser' is required by BeforeClass on method setup but has not been marked @Optional or defined

at java.base/java.util.ArrayList.forEach(ArrayList.java:1511)
... Removed 27 stack frames]]>
    </failure>
  </testcase> <!-- @BeforeClass setup -->
  <testcase classname="TestCases.Base" name="@AfterClass teardown" time="-1.641358405226E9">
    <skipped/>
  </testcase> <!-- @AfterClass teardown -->
  <testcase classname="TestCases.Base" name="@BeforeClass setup" time="-1.64135840523E9">
    <failure type="org.testng.TestNGException" message="
Parameter &amp;apos;browser&amp;apos; is required by BeforeClass on method setup but has not been marked @Optional or defined
">
      <![CDATA[org.testng.TestNGException: 
Parameter 'browser' is required by BeforeClass on method setup but has not been marked @Optional or defined

at java.base/java.util.ArrayList.forEach(ArrayList.java:1511)
... Removed 27 stack frames]]>
    </failure>
  </testcase> <!-- @BeforeClass setup -->
  <testcase classname="TestCases.Base" name="@AfterClass teardown" time="-1.641358406723E9">
    <skipped/>
  </testcase> <!-- @AfterClass teardown -->
  <testcase classname="TestCases.Base" name="@BeforeClass setup" time="-1.641358406724E9">
    <failure type="org.testng.TestNGException" message="
Parameter &amp;apos;browser&amp;apos; is required by BeforeClass on method setup but has not been marked @Optional or defined
">
      <![CDATA[org.testng.TestNGException: 
Parameter 'browser' is required by BeforeClass on method setup but has not been marked @Optional or defined

at java.base/java.util.ArrayList.forEach(ArrayList.java:1511)
... Removed 27 stack frames]]>
    </failure>
  </testcase> <!-- @BeforeClass setup -->
  <testcase classname="TestCases.Base" name="@AfterClass teardown" time="-1.641358406729E9">
    <skipped/>
  </testcase> <!-- @AfterClass teardown -->
  <testcase classname="TestCases.TC_AddCustomerTest" name="addCustomer" time="0.0">
    <skipped/>
  </testcase> <!-- addCustomer -->
  <testcase classname="TestCases.TC_DataDrivenTest" name="ddLogin" time="0.0">
    <skipped/>
  </testcase> <!-- ddLogin -->
  <testcase classname="TestCases.TC_DataDrivenTest" name="ddLogin" time="0.0">
    <skipped/>
  </testcase> <!-- ddLogin -->
  <testcase classname="TestCases.TC_DataDrivenTest" name="ddLogin" time="0.0">
    <skipped/>
  </testcase> <!-- ddLogin -->
  <testcase classname="TestCases.TC_DataDrivenTest" name="ddLogin" time="0.0">
    <skipped/>
  </testcase> <!-- ddLogin -->
  <testcase classname="TestCases.TC_loginpageTest" name="login" time="0.0">
    <skipped/>
  </testcase> <!-- login -->
</testsuite> <!-- Surefire test -->
